<?xml version="1.0" encoding="UTF-8"?>
<robot generator="Robot 3.2 (Python 3.8.2 on win32)" generated="20200501 11:46:52.080" rpa="false">
<suite id="s1" name="RobotProject1" source="C:\Selenium\workspace\RobotProject1">
<suite id="s1-s1" name="Test" source="C:\Selenium\workspace\RobotProject1\Test">
<suite id="s1-s1-s1" name="SanityTest1" source="C:\Selenium\workspace\RobotProject1\Test\SanityTest1.robot">
<test id="s1-s1-s1-t1" name="MyFirstSeleniumTest">
<kw name="Open Browser" library="SeleniumLibrary">
<doc>Opens a new browser instance to the optional ``url``.</doc>
<arguments>
<arg>https://www.google.com</arg>
<arg>chrome</arg>
</arguments>
<msg timestamp="20200501 11:46:52.303" level="INFO">Opening browser 'chrome' to base url 'https://www.google.com'.</msg>
<status status="PASS" starttime="20200501 11:46:52.303" endtime="20200501 11:46:57.044"></status>
</kw>
<kw name="Set Browser Implicit Wait" library="SeleniumLibrary">
<doc>Sets the implicit wait value used by Selenium.</doc>
<arguments>
<arg>3s</arg>
</arguments>
<status status="PASS" starttime="20200501 11:46:57.045" endtime="20200501 11:46:57.046"></status>
</kw>
<kw name="Maximize Browser Window" library="SeleniumLibrary">
<doc>Maximizes current browser window.</doc>
<status status="PASS" starttime="20200501 11:46:57.047" endtime="20200501 11:46:59.166"></status>
</kw>
<kw name="Input Text" library="SeleniumLibrary">
<doc>Types the given ``text`` into the text field identified by ``locator``.</doc>
<arguments>
<arg>name=q</arg>
<arg>Python Automation</arg>
</arguments>
<msg timestamp="20200501 11:46:59.167" level="INFO">Typing text 'Python Automation' into text field 'name=q'.</msg>
<status status="PASS" starttime="20200501 11:46:59.166" endtime="20200501 11:46:59.339"></status>
</kw>
<kw name="Press Keys" library="SeleniumLibrary">
<doc>Simulates the user pressing key(s) to an element or on the active browser.</doc>
<arguments>
<arg>name=q</arg>
<arg>ENTER</arg>
</arguments>
<msg timestamp="20200501 11:46:59.340" level="INFO">Sending key(s) ('ENTER',) to name=q element.</msg>
<msg timestamp="20200501 11:46:59.634" level="INFO">Pressing special key ENTER to element.</msg>
<msg timestamp="20200501 11:46:59.634" level="INFO">Releasing special key ENTER.</msg>
<status status="PASS" starttime="20200501 11:46:59.340" endtime="20200501 11:47:01.490"></status>
</kw>
<kw name="Sleep" library="BuiltIn">
<doc>Pauses the test executed for the given time.</doc>
<arguments>
<arg>3s</arg>
</arguments>
<msg timestamp="20200501 11:47:04.492" level="INFO">Slept 3 seconds</msg>
<status status="PASS" starttime="20200501 11:47:01.490" endtime="20200501 11:47:04.493"></status>
</kw>
<kw name="Sleep" library="BuiltIn">
<doc>Pauses the test executed for the given time.</doc>
<arguments>
<arg>3s</arg>
</arguments>
<msg timestamp="20200501 11:47:07.496" level="INFO">Slept 3 seconds</msg>
<status status="PASS" starttime="20200501 11:47:04.494" endtime="20200501 11:47:07.496"></status>
</kw>
<kw name="Capture Page Screenshot" library="SeleniumLibrary">
<doc>Takes a screenshot of the current page and embeds it into a log file.</doc>
<arguments>
<arg>C:\Selenium\workspace\RobotProject1\Img1.png</arg>
</arguments>
<msg timestamp="20200501 11:47:07.939" level="INFO" html="yes">&lt;/td&gt;&lt;/tr&gt;&lt;tr&gt;&lt;td colspan="3"&gt;&lt;a href="SeleniumworkspaceRobotProject1Img1.png"&gt;&lt;img src="SeleniumworkspaceRobotProject1Img1.png" width="800px"&gt;&lt;/a&gt;</msg>
<status status="PASS" starttime="20200501 11:47:07.496" endtime="20200501 11:47:07.939"></status>
</kw>
<kw name="Log" library="BuiltIn">
<doc>Logs the given message with the given level.</doc>
<arguments>
<arg>Hello Preeta</arg>
</arguments>
<msg timestamp="20200501 11:47:07.939" level="INFO">Hello Preeta</msg>
<status status="PASS" starttime="20200501 11:47:07.939" endtime="20200501 11:47:07.939"></status>
</kw>
<kw name="Close Browser" library="SeleniumLibrary">
<doc>Closes the current browser.</doc>
<status status="PASS" starttime="20200501 11:47:07.939" endtime="20200501 11:47:10.087"></status>
</kw>
<status status="PASS" starttime="20200501 11:46:52.301" endtime="20200501 11:47:10.088" critical="yes"></status>
</test>
<status status="PASS" starttime="20200501 11:46:52.145" endtime="20200501 11:47:10.089"></status>
</suite>
<status status="PASS" starttime="20200501 11:46:52.143" endtime="20200501 11:47:10.091"></status>
</suite>
<status status="PASS" starttime="20200501 11:46:52.113" endtime="20200501 11:47:10.092"></status>
</suite>
<statistics>
<total>
<stat pass="1" fail="0">Critical Tests</stat>
<stat pass="1" fail="0">All Tests</stat>
</total>
<tag>
</tag>
<suite>
<stat pass="1" fail="0" id="s1" name="RobotProject1">RobotProject1</stat>
<stat pass="1" fail="0" id="s1-s1" name="Test">RobotProject1.Test</stat>
<stat pass="1" fail="0" id="s1-s1-s1" name="SanityTest1">RobotProject1.Test.SanityTest1</stat>
</suite>
</statistics>
<errors>
</errors>
</robot>
